<?xml version="1.0" encoding="UTF-8"?>
<!-- Generated by org.testng.reporters.JUnitXMLReporter -->
<testsuite hostname="Koushik" name="Default test" tests="3" failures="0" timestamp="28 May 2015 16:01:57 GMT" time="190.799" errors="0">
  <testcase name="firstAddProductThenCheckOutWithSign" time="172.989" classname="com.webtek.test.SanityTest1"/>
  <testcase name="verifyItemPresentInCartAndSummation" time="11.903" classname="com.webtek.test.SanityTest1"/>
  <testcase name="contactDeatisSubmission" time="5.875" classname="com.webtek.test.SanityTest1"/>
</testsuite> <!-- Default test -->
