<?xml version="1.0" encoding="UTF-8"?>
<!-- Generated by org.testng.reporters.JUnitXMLReporter -->
<testsuite hostname="Koushik" name="Test in FF" tests="3" failures="0" timestamp="31 May 2015 05:35:46 GMT" time="103.142" errors="0">
  <testcase name="userSignUp" time="75.098" classname="com.webtek.test.SanityTest"/>
  <testcase name="signUser" time="7.509" classname="com.webtek.test.SanityTest"/>
  <testcase name="productCheckOut" time="20.459" classname="com.webtek.test.SanityTest"/>
</testsuite> <!-- Test in FF -->
