<?xml version="1.0" encoding="UTF-8"?>
<!-- Generated by org.testng.reporters.JUnitXMLReporter -->
<testsuite hostname="Koushik" name="Test in FF" tests="3" failures="0" timestamp="31 May 2015 10:18:34 GMT" time="0.016" errors="0">
  <testcase name="userSignUp" time="0.0" classname="com.webtek.test.SanityTest">
    <skipped/>
  </testcase> <!-- userSignUp -->
  <testcase name="signUser" time="0.0" classname="com.webtek.test.SanityTest">
    <skipped/>
  </testcase> <!-- signUser -->
  <testcase name="productCheckOut" time="0.0" classname="com.webtek.test.SanityTest">
    <skipped/>
  </testcase> <!-- productCheckOut -->
</testsuite> <!-- Test in FF -->
